(index):305 0--rotateTimer onstart:53:22:81:0.00
(index):252 changePosTimer tick:53:22:181
(index):252 changePosTimer tick:53:22:281
(index):252 changePosTimer tick:53:22:381
(index):252 changePosTimer tick:53:22:481
(index):252 changePosTimer tick:53:22:581
(index):252 changePosTimer tick:53:22:681
(index):252 changePosTimer tick:53:22:781
(index):252 changePosTimer tick:53:22:881
(index):252 changePosTimer tick:53:22:982
(index):252 changePosTimer tick:53:23:81
(index):252 changePosTimer tick:53:23:181
(index):252 changePosTimer tick:53:23:281
(index):252 changePosTimer tick:53:23:381
(index):252 changePosTimer tick:53:23:481
(index):252 changePosTimer tick:53:23:581
(index):252 changePosTimer tick:53:23:681
(index):252 changePosTimer tick:53:23:781
(index):252 changePosTimer tick:53:23:881
(index):252 changePosTimer tick:53:23:981
(index):252 changePosTimer tick:53:24:81
(index):252 changePosTimer tick:53:24:181
(index):252 changePosTimer tick:53:24:281
(index):252 changePosTimer tick:53:24:381
(index):252 changePosTimer tick:53:24:481
(index):252 changePosTimer tick:53:24:581
(index):252 changePosTimer tick:53:24:682
(index):252 changePosTimer tick:53:24:782
(index):252 changePosTimer tick:53:24:881
(index):252 changePosTimer tick:53:24:981
(index):252 changePosTimer tick:53:25:81
(index):252 changePosTimer tick:53:25:181
(index):252 changePosTimer tick:53:25:281
(index):252 changePosTimer tick:53:25:381
(index):252 changePosTimer tick:53:25:481
(index):252 changePosTimer tick:53:25:581
(index):252 changePosTimer tick:53:25:681
(index):252 changePosTimer tick:53:25:781
(index):252 changePosTimer tick:53:25:881
(index):252 changePosTimer tick:53:25:981
(index):252 changePosTimer tick:53:26:81
(index):252 changePosTimer tick:53:26:181
(index):252 changePosTimer tick:53:26:281
(index):252 changePosTimer tick:53:26:381
(index):252 changePosTimer tick:53:26:481
(index):252 changePosTimer tick:53:26:581
(index):252 changePosTimer tick:53:26:681
(index):252 changePosTimer tick:53:26:781
(index):252 changePosTimer tick:53:26:881
(index):252 changePosTimer tick:53:26:981
(index):252 changePosTimer tick:53:27:81
(index):252 changePosTimer tick:53:27:181
(index):252 changePosTimer tick:53:27:281
(index):252 changePosTimer tick:53:27:381
(index):252 changePosTimer tick:53:27:481
(index):252 changePosTimer tick:53:27:581
(index):252 changePosTimer tick:53:27:681
(index):252 changePosTimer tick:53:27:781
(index):252 changePosTimer tick:53:27:881
(index):252 changePosTimer tick:53:27:980
(index):252 changePosTimer tick:53:28:81
(index):286 2--rotateTimer ontick:53:28:81:209.73
(index):252 changePosTimer tick:53:28:181
(index):252 changePosTimer tick:53:28:281
(index):252 changePosTimer tick:53:28:381
(index):252 changePosTimer tick:53:28:481
(index):252 changePosTimer tick:53:28:581
(index):252 changePosTimer tick:53:28:681
(index):252 changePosTimer tick:53:28:781
(index):252 changePosTimer tick:53:28:881
(index):252 changePosTimer tick:53:28:981
(index):252 changePosTimer tick:53:29:81
(index):252 changePosTimer tick:53:29:181
(index):252 changePosTimer tick:53:29:281
(index):252 changePosTimer tick:53:29:381
(index):252 changePosTimer tick:53:29:481
(index):252 changePosTimer tick:53:29:581
(index):252 changePosTimer tick:53:29:681
(index):252 changePosTimer tick:53:29:780
(index):252 changePosTimer tick:53:29:881
(index):252 changePosTimer tick:53:29:981
(index):252 changePosTimer tick:53:30:81
(index):252 changePosTimer tick:53:30:180
(index):252 changePosTimer tick:53:30:280
(index):252 changePosTimer tick:53:30:381
(index):252 changePosTimer tick:53:30:481
(index):252 changePosTimer tick:53:30:581
(index):252 changePosTimer tick:53:30:680
(index):252 changePosTimer tick:53:30:780
(index):252 changePosTimer tick:53:30:880
(index):252 changePosTimer tick:53:30:980
(index):252 changePosTimer tick:53:31:80
(index):252 changePosTimer tick:53:31:180
(index):252 changePosTimer tick:53:31:280
(index):252 changePosTimer tick:53:31:381
(index):252 changePosTimer tick:53:31:480
(index):252 changePosTimer tick:53:31:581
(index):252 changePosTimer tick:53:31:680
(index):252 changePosTimer tick:53:31:780
(index):252 changePosTimer tick:53:31:880
(index):252 changePosTimer tick:53:31:980
(index):252 changePosTimer tick:53:32:80
(index):252 changePosTimer tick:53:32:180
(index):252 changePosTimer tick:53:32:281
(index):252 changePosTimer tick:53:32:380
(index):252 changePosTimer tick:53:32:481
(index):252 changePosTimer tick:53:32:580
(index):252 changePosTimer tick:53:32:680
(index):252 changePosTimer tick:53:32:780
(index):252 changePosTimer tick:53:32:880
(index):252 changePosTimer tick:53:32:980
(index):252 changePosTimer tick:53:33:80
(index):326 1--adjustRotateTimer ontick:53:33:81:-209.73
(index):252 changePosTimer tick:53:33:180
(index):252 changePosTimer tick:53:33:280
(index):252 changePosTimer tick:53:33:380
(index):252 changePosTimer tick:53:33:480
(index):252 changePosTimer tick:53:33:581
(index):252 changePosTimer tick:53:33:680
(index):252 changePosTimer tick:53:33:780
(index):252 changePosTimer tick:53:33:880
(index):252 changePosTimer tick:53:33:980
(index):252 changePosTimer tick:53:34:80
(index):286 3--rotateTimer ontick:53:34:81:29.73
(index):252 changePosTimer tick:53:34:180
(index):252 changePosTimer tick:53:34:280
(index):252 changePosTimer tick:53:34:380
(index):252 changePosTimer tick:53:34:480
(index):252 changePosTimer tick:53:34:581
(index):252 changePosTimer tick:53:34:680
(index):252 changePosTimer tick:53:34:780
(index):252 changePosTimer tick:53:34:880
(index):252 changePosTimer tick:53:34:980
(index):252 changePosTimer tick:53:35:80
(index):252 changePosTimer tick:53:35:180
(index):252 changePosTimer tick:53:35:280
(index):252 changePosTimer tick:53:35:380
(index):252 changePosTimer tick:53:35:480
(index):252 changePosTimer tick:53:35:581
(index):252 changePosTimer tick:53:35:680
(index):252 changePosTimer tick:53:35:780
(index):252 changePosTimer tick:53:35:880
(index):252 changePosTimer tick:53:35:980
(index):252 changePosTimer tick:53:36:80
(index):252 changePosTimer tick:53:36:180
(index):252 changePosTimer tick:53:36:280
(index):252 changePosTimer tick:53:36:380
(index):252 changePosTimer tick:53:36:480
(index):252 changePosTimer tick:53:36:580
(index):252 changePosTimer tick:53:36:680
(index):252 changePosTimer tick:53:36:780
(index):252 changePosTimer tick:53:36:880
(index):252 changePosTimer tick:53:36:980
(index):252 changePosTimer tick:53:37:80
(index):252 changePosTimer tick:53:37:180
(index):252 changePosTimer tick:53:37:280
(index):252 changePosTimer tick:53:37:382
(index):252 changePosTimer tick:53:37:480
(index):252 changePosTimer tick:53:37:581
(index):252 changePosTimer tick:53:37:680
(index):252 changePosTimer tick:53:37:780
(index):252 changePosTimer tick:53:37:880
(index):252 changePosTimer tick:53:37:980
(index):252 changePosTimer tick:53:38:82
(index):252 changePosTimer tick:53:38:180
(index):252 changePosTimer tick:53:38:280
(index):252 changePosTimer tick:53:38:380
(index):252 changePosTimer tick:53:38:480
(index):252 changePosTimer tick:53:38:580
(index):252 changePosTimer tick:53:38:680
(index):252 changePosTimer tick:53:38:780
(index):252 changePosTimer tick:53:38:881
(index):252 changePosTimer tick:53:38:980
(index):252 changePosTimer tick:53:39:80
(index):326 2--adjustRotateTimer ontick:53:39:81:-29.73
(index):252 changePosTimer tick:53:39:180
(index):252 changePosTimer tick:53:39:280
(index):252 changePosTimer tick:53:39:380
(index):252 changePosTimer tick:53:39:482
(index):252 changePosTimer tick:53:39:581
(index):252 changePosTimer tick:53:39:681
(index):252 changePosTimer tick:53:39:780
(index):252 changePosTimer tick:53:39:882
(index):252 changePosTimer tick:53:39:980
(index):252 changePosTimer tick:53:40:80
(index):286 4--rotateTimer ontick:53:40:80:0.00
(index):252 changePosTimer tick:53:40:180
(index):252 changePosTimer tick:53:40:281
(index):252 changePosTimer tick:53:40:380
(index):252 changePosTimer tick:53:40:480
(index):252 changePosTimer tick:53:40:580
(index):252 changePosTimer tick:53:40:680
(index):252 changePosTimer tick:53:40:780
(index):252 changePosTimer tick:53:40:880
(index):252 changePosTimer tick:53:40:980
(index):252 changePosTimer tick:53:41:80
(index):252 changePosTimer tick:53:41:180
(index):252 changePosTimer tick:53:41:280
(index):252 changePosTimer tick:53:41:380
(index):252 changePosTimer tick:53:41:480
(index):252 changePosTimer tick:53:41:580
(index):252 changePosTimer tick:53:41:680
(index):252 changePosTimer tick:53:41:780
(index):252 changePosTimer tick:53:41:880
(index):252 changePosTimer tick:53:41:980
(index):252 changePosTimer tick:53:42:80
(index):252 changePosTimer tick:53:42:180
(index):252 changePosTimer tick:53:42:280
(index):252 changePosTimer tick:53:42:380
(index):252 changePosTimer tick:53:42:480
(index):252 changePosTimer tick:53:42:580
(index):252 changePosTimer tick:53:42:680
(index):252 changePosTimer tick:53:42:780
(index):252 changePosTimer tick:53:42:880
(index):252 changePosTimer tick:53:42:980
(index):252 changePosTimer tick:53:43:80
(index):252 changePosTimer tick:53:43:180
(index):252 changePosTimer tick:53:43:280
(index):252 changePosTimer tick:53:43:380
(index):252 changePosTimer tick:53:43:480
(index):252 changePosTimer tick:53:43:580
(index):252 changePosTimer tick:53:43:680
(index):252 changePosTimer tick:53:43:780
(index):252 changePosTimer tick:53:43:880
(index):252 changePosTimer tick:53:43:980
(index):252 changePosTimer tick:53:44:80
(index):252 changePosTimer tick:53:44:180
(index):252 changePosTimer tick:53:44:280
(index):252 changePosTimer tick:53:44:380
(index):252 changePosTimer tick:53:44:480
(index):252 changePosTimer tick:53:44:580
(index):252 changePosTimer tick:53:44:680
(index):252 changePosTimer tick:53:44:780
(index):252 changePosTimer tick:53:44:880
(index):252 changePosTimer tick:53:44:980
(index):252 changePosTimer tick:53:45:80
(index):326 3--adjustRotateTimer ontick:53:45:80:0
(index):252 changePosTimer tick:53:45:180
(index):252 changePosTimer tick:53:45:280
(index):252 changePosTimer tick:53:45:380
(index):252 changePosTimer tick:53:45:480
(index):252 changePosTimer tick:53:45:580
(index):252 changePosTimer tick:53:45:680
(index):252 changePosTimer tick:53:45:780
(index):252 changePosTimer tick:53:45:880
(index):252 changePosTimer tick:53:45:980
(index):252 changePosTimer tick:53:46:80
(index):286 5--rotateTimer ontick:53:46:81:68.36
(index):252 changePosTimer tick:53:46:180
(index):252 changePosTimer tick:53:46:280
(index):252 changePosTimer tick:53:46:380
(index):252 changePosTimer tick:53:46:480
(index):252 changePosTimer tick:53:46:580
(index):252 changePosTimer tick:53:46:680
(index):252 changePosTimer tick:53:46:780
(index):252 changePosTimer tick:53:46:880
(index):252 changePosTimer tick:53:46:980
(index):252 changePosTimer tick:53:47:80
(index):252 changePosTimer tick:53:47:180
(index):252 changePosTimer tick:53:47:280
(index):252 changePosTimer tick:53:47:380
(index):252 changePosTimer tick:53:47:480
(index):252 changePosTimer tick:53:47:580
(index):252 changePosTimer tick:53:47:680
(index):252 changePosTimer tick:53:47:780
(index):252 changePosTimer tick:53:47:880
(index):252 changePosTimer tick:53:47:980
(index):252 changePosTimer tick:53:48:80
(index):252 changePosTimer tick:53:48:180
(index):252 changePosTimer tick:53:48:280
(index):252 changePosTimer tick:53:48:380
(index):252 changePosTimer tick:53:48:480
(index):252 changePosTimer tick:53:48:580
(index):252 changePosTimer tick:53:48:680
(index):252 changePosTimer tick:53:48:780
(index):252 changePosTimer tick:53:48:880
(index):252 changePosTimer tick:53:48:980
(index):252 changePosTimer tick:53:49:80
(index):252 changePosTimer tick:53:49:180
(index):252 changePosTimer tick:53:49:280
(index):252 changePosTimer tick:53:49:380
(index):252 changePosTimer tick:53:49:480
(index):252 changePosTimer tick:53:49:580
(index):252 changePosTimer tick:53:49:680
(index):252 changePosTimer tick:53:49:780
(index):252 changePosTimer tick:53:49:880
(index):252 changePosTimer tick:53:49:980
(index):252 changePosTimer tick:53:50:80
(index):252 changePosTimer tick:53:50:180
(index):252 changePosTimer tick:53:50:280
(index):252 changePosTimer tick:53:50:380
(index):252 changePosTimer tick:53:50:480
(index):252 changePosTimer tick:53:50:580
(index):252 changePosTimer tick:53:50:680
(index):252 changePosTimer tick:53:50:780
(index):252 changePosTimer tick:53:50:880
(index):252 changePosTimer tick:53:50:980
(index):252 changePosTimer tick:53:51:80
(index):326 4--adjustRotateTimer ontick:53:51:81:-68.36
(index):252 changePosTimer tick:53:51:180
(index):252 changePosTimer tick:53:51:280
(index):252 changePosTimer tick:53:51:380
(index):252 changePosTimer tick:53:51:480
(index):252 changePosTimer tick:53:51:580
(index):252 changePosTimer tick:53:51:680
(index):252 changePosTimer tick:53:51:780
(index):252 changePosTimer tick:53:51:880
(index):252 changePosTimer tick:53:51:980
(index):252 changePosTimer tick:53:52:80
(index):286 6--rotateTimer ontick:53:52:81:-185.47
(index):252 changePosTimer tick:53:52:179
(index):252 changePosTimer tick:53:52:280
(index):252 changePosTimer tick:53:52:380
(index):252 changePosTimer tick:53:52:480
(index):252 changePosTimer tick:53:52:580
(index):252 changePosTimer tick:53:52:680
(index):252 changePosTimer tick:53:52:780
(index):252 changePosTimer tick:53:52:880
(index):252 changePosTimer tick:53:52:980
(index):252 changePosTimer tick:53:53:80
(index):252 changePosTimer tick:53:53:180
(index):252 changePosTimer tick:53:53:280
(index):252 changePosTimer tick:53:53:380
(index):252 changePosTimer tick:53:53:479
(index):252 changePosTimer tick:53:53:580
(index):252 changePosTimer tick:53:53:680
(index):252 changePosTimer tick:53:53:780
(index):252 changePosTimer tick:53:53:880
(index):252 changePosTimer tick:53:53:980
(index):252 changePosTimer tick:53:54:80
(index):252 changePosTimer tick:53:54:180
(index):252 changePosTimer tick:53:54:280
(index):252 changePosTimer tick:53:54:380
(index):252 changePosTimer tick:53:54:480
(index):252 changePosTimer tick:53:54:579
(index):252 changePosTimer tick:53:54:680
(index):252 changePosTimer tick:53:54:780
(index):252 changePosTimer tick:53:54:880
(index):252 changePosTimer tick:53:54:979
(index):252 changePosTimer tick:53:55:80
(index):252 changePosTimer tick:53:55:180
(index):252 changePosTimer tick:53:55:279
(index):252 changePosTimer tick:53:55:380
(index):252 changePosTimer tick:53:55:480
(index):252 changePosTimer tick:53:55:580
(index):252 changePosTimer tick:53:55:680
(index):252 changePosTimer tick:53:55:780
(index):252 changePosTimer tick:53:55:879
(index):252 changePosTimer tick:53:55:980
(index):252 changePosTimer tick:53:56:79
(index):252 changePosTimer tick:53:56:180
(index):252 changePosTimer tick:53:56:280
(index):252 changePosTimer tick:53:56:380
(index):252 changePosTimer tick:53:56:480
(index):252 changePosTimer tick:53:56:580
(index):252 changePosTimer tick:53:56:680
(index):252 changePosTimer tick:53:56:780
(index):252 changePosTimer tick:53:56:880
(index):252 changePosTimer tick:53:56:979
(index):252 changePosTimer tick:53:57:79
(index):326 5--adjustRotateTimer ontick:53:57:80:185.47
(index):252 changePosTimer tick:53:57:179
(index):252 changePosTimer tick:53:57:280
(index):252 changePosTimer tick:53:57:379
(index):252 changePosTimer tick:53:57:479
(index):252 changePosTimer tick:53:57:579
(index):252 changePosTimer tick:53:57:679
(index):252 changePosTimer tick:53:57:780
(index):252 changePosTimer tick:53:57:879
(index):252 changePosTimer tick:53:57:980
(index):252 changePosTimer tick:53:58:80
(index):286 7--rotateTimer ontick:53:58:81:-44.83
(index):252 changePosTimer tick:53:58:180
(index):252 changePosTimer tick:53:58:279
(index):252 changePosTimer tick:53:58:379
(index):252 changePosTimer tick:53:58:480
(index):252 changePosTimer tick:53:58:579
(index):252 changePosTimer tick:53:58:680
(index):252 changePosTimer tick:53:58:779
(index):252 changePosTimer tick:53:58:879
(index):252 changePosTimer tick:53:58:979
(index):252 changePosTimer tick:53:59:79
(index):252 changePosTimer tick:53:59:180
(index):252 changePosTimer tick:53:59:279
(index):252 changePosTimer tick:53:59:379
(index):252 changePosTimer tick:53:59:479
(index):252 changePosTimer tick:53:59:579
(index):252 changePosTimer tick:53:59:679
(index):252 changePosTimer tick:53:59:779
(index):252 changePosTimer tick:53:59:879
(index):252 changePosTimer tick:53:59:979
(index):252 changePosTimer tick:54:0:79
(index):252 changePosTimer tick:54:0:179
(index):252 changePosTimer tick:54:0:279
(index):252 changePosTimer tick:54:0:379
(index):252 changePosTimer tick:54:0:479
(index):252 changePosTimer tick:54:0:579
(index):252 changePosTimer tick:54:0:679
(index):252 changePosTimer tick:54:0:779
(index):252 changePosTimer tick:54:0:879
(index):252 changePosTimer tick:54:0:979
(index):252 changePosTimer tick:54:1:79
(index):252 changePosTimer tick:54:1:179
(index):252 changePosTimer tick:54:1:279
(index):252 changePosTimer tick:54:1:379
(index):252 changePosTimer tick:54:1:479
(index):252 changePosTimer tick:54:1:579
(index):252 changePosTimer tick:54:1:679
(index):252 changePosTimer tick:54:1:779
(index):252 changePosTimer tick:54:1:879
(index):252 changePosTimer tick:54:1:979
(index):252 changePosTimer tick:54:2:79
(index):252 changePosTimer tick:54:2:179
(index):252 changePosTimer tick:54:2:279
(index):252 changePosTimer tick:54:2:379
(index):252 changePosTimer tick:54:2:479
(index):252 changePosTimer tick:54:2:579
(index):252 changePosTimer tick:54:2:679
(index):252 changePosTimer tick:54:2:779
(index):252 changePosTimer tick:54:2:879
(index):252 changePosTimer tick:54:2:979
(index):252 changePosTimer tick:54:3:79
(index):326 6--adjustRotateTimer ontick:54:3:80:44.83
(index):252 changePosTimer tick:54:3:179
(index):252 changePosTimer tick:54:3:279
(index):252 changePosTimer tick:54:3:379
(index):252 changePosTimer tick:54:3:479
(index):252 changePosTimer tick:54:3:579
(index):252 changePosTimer tick:54:3:679
(index):252 changePosTimer tick:54:3:779
(index):252 changePosTimer tick:54:3:879
(index):252 changePosTimer tick:54:3:979
(index):252 changePosTimer tick:54:4:79
(index):286 8--rotateTimer ontick:54:4:80:260.36
(index):252 changePosTimer tick:54:4:179
(index):252 changePosTimer tick:54:4:279
(index):252 changePosTimer tick:54:4:379
(index):252 changePosTimer tick:54:4:479
(index):252 changePosTimer tick:54:4:579
(index):252 changePosTimer tick:54:4:679
(index):252 changePosTimer tick:54:4:779
(index):252 changePosTimer tick:54:4:879
(index):252 changePosTimer tick:54:4:979
(index):252 changePosTimer tick:54:5:79
(index):252 changePosTimer tick:54:5:179
(index):252 changePosTimer tick:54:5:279
(index):252 changePosTimer tick:54:5:379
(index):252 changePosTimer tick:54:5:479
(index):252 changePosTimer tick:54:5:579
(index):252 changePosTimer tick:54:5:679
(index):252 changePosTimer tick:54:5:779
(index):252 changePosTimer tick:54:5:879
(index):252 changePosTimer tick:54:5:979
(index):252 changePosTimer tick:54:6:79
(index):252 changePosTimer tick:54:6:179
(index):252 changePosTimer tick:54:6:279
(index):252 changePosTimer tick:54:6:379
(index):252 changePosTimer tick:54:6:479
(index):252 changePosTimer tick:54:6:579
(index):252 changePosTimer tick:54:6:679
(index):252 changePosTimer tick:54:6:779
(index):252 changePosTimer tick:54:6:879
(index):252 changePosTimer tick:54:6:979
(index):252 changePosTimer tick:54:7:79
(index):252 changePosTimer tick:54:7:179
(index):252 changePosTimer tick:54:7:279
(index):252 changePosTimer tick:54:7:379
(index):252 changePosTimer tick:54:7:479
(index):252 changePosTimer tick:54:7:579
(index):252 changePosTimer tick:54:7:679
(index):252 changePosTimer tick:54:7:779
(index):252 changePosTimer tick:54:7:879
(index):252 changePosTimer tick:54:7:979
(index):252 changePosTimer tick:54:8:79
(index):252 changePosTimer tick:54:8:179
(index):252 changePosTimer tick:54:8:279
(index):252 changePosTimer tick:54:8:379
(index):252 changePosTimer tick:54:8:479
(index):252 changePosTimer tick:54:8:579
(index):252 changePosTimer tick:54:8:679
(index):252 changePosTimer tick:54:8:779
(index):252 changePosTimer tick:54:8:879
(index):252 changePosTimer tick:54:8:979
(index):252 changePosTimer tick:54:9:78
(index):326 7--adjustRotateTimer ontick:54:9:79:-260.36
(index):252 changePosTimer tick:54:9:179
(index):252 changePosTimer tick:54:9:279
(index):252 changePosTimer tick:54:9:379
(index):252 changePosTimer tick:54:9:479
(index):252 changePosTimer tick:54:9:579
(index):252 changePosTimer tick:54:9:679
(index):252 changePosTimer tick:54:9:779
(index):252 changePosTimer tick:54:9:878
(index):252 changePosTimer tick:54:9:979
(index):252 changePosTimer tick:54:10:79
(index):286 9--rotateTimer ontick:54:10:79:224.83
(index):252 changePosTimer tick:54:10:179
(index):252 changePosTimer tick:54:10:278
(index):252 changePosTimer tick:54:10:378
(index):252 changePosTimer tick:54:10:479
(index):252 changePosTimer tick:54:10:578
(index):252 changePosTimer tick:54:10:678
(index):252 changePosTimer tick:54:10:779
(index):252 changePosTimer tick:54:10:879
(index):252 changePosTimer tick:54:10:978
(index):252 changePosTimer tick:54:11:78
(index):252 changePosTimer tick:54:11:179
(index):252 changePosTimer tick:54:11:278
(index):252 changePosTimer tick:54:11:379
(index):252 changePosTimer tick:54:11:479
(index):252 changePosTimer tick:54:11:578
(index):252 changePosTimer tick:54:11:678
(index):252 changePosTimer tick:54:11:779
(index):252 changePosTimer tick:54:11:879
(index):252 changePosTimer tick:54:11:979
(index):252 changePosTimer tick:54:12:79
(index):252 changePosTimer tick:54:12:179
(index):252 changePosTimer tick:54:12:279
(index):252 changePosTimer tick:54:12:379
(index):252 changePosTimer tick:54:12:479
(index):252 changePosTimer tick:54:12:579
(index):252 changePosTimer tick:54:12:679
(index):252 changePosTimer tick:54:12:779
(index):252 changePosTimer tick:54:12:879
(index):252 changePosTimer tick:54:12:979
(index):252 changePosTimer tick:54:13:78
(index):252 changePosTimer tick:54:13:179
(index):252 changePosTimer tick:54:13:278
(index):252 changePosTimer tick:54:13:379
(index):252 changePosTimer tick:54:13:479
(index):252 changePosTimer tick:54:13:579
(index):252 changePosTimer tick:54:13:679
(index):252 changePosTimer tick:54:13:779
(index):252 changePosTimer tick:54:13:879
(index):252 changePosTimer tick:54:13:979
(index):252 changePosTimer tick:54:14:79
(index):252 changePosTimer tick:54:14:179
(index):252 changePosTimer tick:54:14:279
(index):252 changePosTimer tick:54:14:379
(index):252 changePosTimer tick:54:14:479
(index):252 changePosTimer tick:54:14:579
(index):252 changePosTimer tick:54:14:679
(index):252 changePosTimer tick:54:14:779
(index):252 changePosTimer tick:54:14:879
(index):252 changePosTimer tick:54:14:979
(index):252 changePosTimer tick:54:15:79
(index):326 8--adjustRotateTimer ontick:54:15:80:-224.83
(index):252 changePosTimer tick:54:15:179
(index):252 changePosTimer tick:54:15:279
(index):252 changePosTimer tick:54:15:379
(index):252 changePosTimer tick:54:15:479
(index):252 changePosTimer tick:54:15:579
(index):252 changePosTimer tick:54:15:679
(index):252 changePosTimer tick:54:15:779
(index):252 changePosTimer tick:54:15:878
(index):252 changePosTimer tick:54:15:979
(index):252 changePosTimer tick:54:16:79
(index):286 10--rotateTimer ontick:54:16:80:379.29
(index):252 changePosTimer tick:54:16:179
(index):252 changePosTimer tick:54:16:279
(index):252 changePosTimer tick:54:16:379
(index):252 changePosTimer tick:54:16:479
(index):252 changePosTimer tick:54:16:579
(index):252 changePosTimer tick:54:16:679
(index):252 changePosTimer tick:54:16:780
(index):252 changePosTimer tick:54:16:879
(index):252 changePosTimer tick:54:16:979
(index):252 changePosTimer tick:54:17:78
(index):252 changePosTimer tick:54:17:179
(index):252 changePosTimer tick:54:17:280
(index):252 changePosTimer tick:54:17:380
(index):252 changePosTimer tick:54:17:479
(index):252 changePosTimer tick:54:17:579
(index):252 changePosTimer tick:54:17:679
(index):252 changePosTimer tick:54:17:779
(index):252 changePosTimer tick:54:17:880
(index):252 changePosTimer tick:54:17:980
(index):252 changePosTimer tick:54:18:80
(index):252 changePosTimer tick:54:18:180
(index):252 changePosTimer tick:54:18:280
(index):252 changePosTimer tick:54:18:380
(index):252 changePosTimer tick:54:18:480
(index):252 changePosTimer tick:54:18:579
(index):252 changePosTimer tick:54:18:680
(index):252 changePosTimer tick:54:18:780
(index):252 changePosTimer tick:54:18:879
(index):252 changePosTimer tick:54:18:980
(index):252 changePosTimer tick:54:19:80
(index):252 changePosTimer tick:54:19:181
(index):252 changePosTimer tick:54:19:280
(index):252 changePosTimer tick:54:19:380
(index):252 changePosTimer tick:54:19:480
(index):252 changePosTimer tick:54:19:579
(index):252 changePosTimer tick:54:19:680
(index):252 changePosTimer tick:54:19:780
(index):252 changePosTimer tick:54:19:879
(index):252 changePosTimer tick:54:19:980
(index):252 changePosTimer tick:54:20:80
(index):252 changePosTimer tick:54:20:179
(index):252 changePosTimer tick:54:20:280
(index):252 changePosTimer tick:54:20:380
(index):252 changePosTimer tick:54:20:479
(index):252 changePosTimer tick:54:20:580
(index):252 changePosTimer tick:54:20:680
(index):252 changePosTimer tick:54:20:780
(index):252 changePosTimer tick:54:20:880
(index):252 changePosTimer tick:54:20:980
(index):252 changePosTimer tick:54:21:80
(index):326 9--adjustRotateTimer ontick:54:21:81:-379.29
(index):252 changePosTimer tick:54:21:180
(index):252 changePosTimer tick:54:21:280
(index):252 changePosTimer tick:54:21:380
(index):252 changePosTimer tick:54:21:480
(index):252 changePosTimer tick:54:21:580
(index):252 changePosTimer tick:54:21:681
(index):252 changePosTimer tick:54:21:780
(index):252 changePosTimer tick:54:21:880
(index):252 changePosTimer tick:54:21:980
(index):252 changePosTimer tick:54:22:80
(index):286 11--rotateTimer ontick:54:22:81:0.00
(index):252 changePosTimer tick:54:22:181
(index):252 changePosTimer tick:54:22:280
(index):252 changePosTimer tick:54:22:380
(index):252 changePosTimer tick:54:22:480
(index):252 changePosTimer tick:54:22:580
(index):252 changePosTimer tick:54:22:680
(index):252 changePosTimer tick:54:22:780
(index):252 changePosTimer tick:54:22:880
(index):252 changePosTimer tick:54:22:980
(index):252 changePosTimer tick:54:23:80
(index):252 changePosTimer tick:54:23:180
(index):252 changePosTimer tick:54:23:280
(index):252 changePosTimer tick:54:23:380
(index):252 changePosTimer tick:54:23:480
(index):252 changePosTimer tick:54:23:580
(index):252 changePosTimer tick:54:23:680
(index):252 changePosTimer tick:54:23:779
(index):252 changePosTimer tick:54:23:880
(index):252 changePosTimer tick:54:23:980
(index):252 changePosTimer tick:54:24:80
(index):252 changePosTimer tick:54:24:180
(index):252 changePosTimer tick:54:24:279
(index):252 changePosTimer tick:54:24:379
(index):252 changePosTimer tick:54:24:480
(index):252 changePosTimer tick:54:24:580
(index):252 changePosTimer tick:54:24:680
(index):252 changePosTimer tick:54:24:779
(index):252 changePosTimer tick:54:24:880
(index):252 changePosTimer tick:54:24:980
(index):252 changePosTimer tick:54:25:80
(index):252 changePosTimer tick:54:25:180
(index):252 changePosTimer tick:54:25:280
(index):252 changePosTimer tick:54:25:380
(index):326 10--adjustRotateTimer ontick:54:27:80:0
