babylon.js:5104 BJS - [13:10:24]: Babylon.js engine (v2.4.0) launched
(index):305 0--rotateTimer onstart:10:25:88:0.00
(index):252 changePosTimer tick:10:25:189
(index):252 changePosTimer tick:10:25:289
(index):252 changePosTimer tick:10:25:388
(index):252 changePosTimer tick:10:25:488
(index):252 changePosTimer tick:10:25:589
(index):252 changePosTimer tick:10:25:689
(index):252 changePosTimer tick:10:25:788
(index):252 changePosTimer tick:10:25:888
(index):252 changePosTimer tick:10:25:988
(index):252 changePosTimer tick:10:26:88
(index):252 changePosTimer tick:10:26:188
(index):252 changePosTimer tick:10:26:288
(index):252 changePosTimer tick:10:26:388
(index):252 changePosTimer tick:10:26:488
(index):252 changePosTimer tick:10:26:588
(index):252 changePosTimer tick:10:26:688
(index):252 changePosTimer tick:10:26:788
(index):252 changePosTimer tick:10:26:888
(index):252 changePosTimer tick:10:26:988
(index):252 changePosTimer tick:10:27:88
(index):252 changePosTimer tick:10:27:188
(index):252 changePosTimer tick:10:27:288
(index):252 changePosTimer tick:10:27:399
(index):252 changePosTimer tick:10:27:487
(index):252 changePosTimer tick:10:27:668
(index):252 changePosTimer tick:10:27:797
(index):252 changePosTimer tick:10:27:894
(index):252 changePosTimer tick:10:28:5
(index):252 changePosTimer tick:10:28:97
(index):252 changePosTimer tick:10:28:188
(index):252 changePosTimer tick:10:28:288
(index):252 changePosTimer tick:10:28:388
(index):252 changePosTimer tick:10:28:487
(index):252 changePosTimer tick:10:28:588
(index):252 changePosTimer tick:10:28:688
(index):252 changePosTimer tick:10:28:787
(index):252 changePosTimer tick:10:28:905
(index):252 changePosTimer tick:10:28:987
(index):252 changePosTimer tick:10:29:88
(index):252 changePosTimer tick:10:29:188
(index):252 changePosTimer tick:10:29:287
(index):252 changePosTimer tick:10:29:388
(index):252 changePosTimer tick:10:29:488
(index):252 changePosTimer tick:10:29:587
(index):252 changePosTimer tick:10:29:688
(index):252 changePosTimer tick:10:29:788
(index):252 changePosTimer tick:10:29:888
(index):252 changePosTimer tick:10:29:988
(index):252 changePosTimer tick:10:30:87
(index):252 changePosTimer tick:10:30:188
(index):252 changePosTimer tick:10:30:288
(index):252 changePosTimer tick:10:30:388
(index):252 changePosTimer tick:10:30:488
(index):252 changePosTimer tick:10:30:588
(index):252 changePosTimer tick:10:30:687
(index):252 changePosTimer tick:10:30:787
(index):252 changePosTimer tick:10:30:888
(index):252 changePosTimer tick:10:30:988
(index):252 changePosTimer tick:10:31:88
(index):286 2--rotateTimer ontick:10:31:88:209.73
(index):252 changePosTimer tick:10:31:188
(index):252 changePosTimer tick:10:31:287
(index):252 changePosTimer tick:10:31:388
(index):252 changePosTimer tick:10:31:487
(index):252 changePosTimer tick:10:31:587
(index):252 changePosTimer tick:10:31:688
(index):252 changePosTimer tick:10:31:788
(index):252 changePosTimer tick:10:31:888
(index):252 changePosTimer tick:10:31:988
(index):252 changePosTimer tick:10:32:88
(index):252 changePosTimer tick:10:32:188
(index):252 changePosTimer tick:10:32:288
(index):252 changePosTimer tick:10:32:388
(index):252 changePosTimer tick:10:32:488
(index):252 changePosTimer tick:10:32:588
(index):252 changePosTimer tick:10:32:688
(index):252 changePosTimer tick:10:32:788
(index):252 changePosTimer tick:10:32:888
(index):252 changePosTimer tick:10:32:988
(index):252 changePosTimer tick:10:33:88
(index):252 changePosTimer tick:10:33:188
(index):252 changePosTimer tick:10:33:288
(index):252 changePosTimer tick:10:33:388
(index):252 changePosTimer tick:10:33:489
(index):252 changePosTimer tick:10:33:587
(index):252 changePosTimer tick:10:33:687
(index):252 changePosTimer tick:10:33:787
(index):252 changePosTimer tick:10:33:888
(index):252 changePosTimer tick:10:33:988
(index):252 changePosTimer tick:10:34:88
(index):252 changePosTimer tick:10:34:188
(index):252 changePosTimer tick:10:34:288
(index):252 changePosTimer tick:10:34:388
(index):252 changePosTimer tick:10:34:488
(index):252 changePosTimer tick:10:34:588
(index):252 changePosTimer tick:10:34:687
(index):252 changePosTimer tick:10:34:788
(index):252 changePosTimer tick:10:34:888
(index):252 changePosTimer tick:10:34:987
(index):252 changePosTimer tick:10:35:88
(index):252 changePosTimer tick:10:35:188
(index):252 changePosTimer tick:10:35:287
(index):252 changePosTimer tick:10:35:388
(index):252 changePosTimer tick:10:35:487
(index):252 changePosTimer tick:10:35:588
(index):252 changePosTimer tick:10:35:689
(index):252 changePosTimer tick:10:35:788
(index):252 changePosTimer tick:10:35:888
(index):252 changePosTimer tick:10:35:987
(index):252 changePosTimer tick:10:36:88
(index):326 1--adjustRotateTimer ontick:10:36:89:-209.73
(index):252 changePosTimer tick:10:36:187
(index):252 changePosTimer tick:10:36:287
(index):252 changePosTimer tick:10:36:387
(index):252 changePosTimer tick:10:36:487
(index):252 changePosTimer tick:10:36:588
(index):252 changePosTimer tick:10:36:687
(index):252 changePosTimer tick:10:36:788
(index):252 changePosTimer tick:10:36:888
(index):252 changePosTimer tick:10:36:988
(index):252 changePosTimer tick:10:37:87
(index):286 3--rotateTimer ontick:10:37:88:29.73
(index):252 changePosTimer tick:10:37:187
(index):252 changePosTimer tick:10:37:288
(index):252 changePosTimer tick:10:37:387
(index):252 changePosTimer tick:10:37:487
(index):252 changePosTimer tick:10:37:587
(index):252 changePosTimer tick:10:37:687
(index):252 changePosTimer tick:10:37:788
(index):252 changePosTimer tick:10:37:888
(index):252 changePosTimer tick:10:37:987
(index):252 changePosTimer tick:10:38:87
(index):252 changePosTimer tick:10:38:187
(index):252 changePosTimer tick:10:38:288
(index):252 changePosTimer tick:10:38:387
(index):252 changePosTimer tick:10:38:487
(index):252 changePosTimer tick:10:38:588
(index):252 changePosTimer tick:10:38:687
(index):252 changePosTimer tick:10:38:787
(index):252 changePosTimer tick:10:38:888
(index):252 changePosTimer tick:10:38:987
(index):252 changePosTimer tick:10:39:87
(index):252 changePosTimer tick:10:39:187
(index):252 changePosTimer tick:10:39:287
(index):252 changePosTimer tick:10:39:387
(index):252 changePosTimer tick:10:39:487
(index):252 changePosTimer tick:10:39:587
(index):252 changePosTimer tick:10:39:687
(index):252 changePosTimer tick:10:39:787
(index):252 changePosTimer tick:10:39:888
(index):252 changePosTimer tick:10:39:987
(index):252 changePosTimer tick:10:40:87
(index):252 changePosTimer tick:10:40:187
(index):252 changePosTimer tick:10:40:287
(index):252 changePosTimer tick:10:40:387
(index):252 changePosTimer tick:10:40:487
(index):252 changePosTimer tick:10:40:587
(index):252 changePosTimer tick:10:40:687
(index):252 changePosTimer tick:10:40:787
(index):252 changePosTimer tick:10:40:887
(index):252 changePosTimer tick:10:40:988
(index):252 changePosTimer tick:10:41:87
(index):252 changePosTimer tick:10:41:188
(index):252 changePosTimer tick:10:41:288
(index):252 changePosTimer tick:10:41:387
(index):252 changePosTimer tick:10:41:488
(index):252 changePosTimer tick:10:41:587
(index):252 changePosTimer tick:10:41:688
(index):252 changePosTimer tick:10:41:788
(index):252 changePosTimer tick:10:41:887
(index):252 changePosTimer tick:10:41:987
(index):252 changePosTimer tick:10:42:87
(index):326 2--adjustRotateTimer ontick:10:42:88:-29.73
(index):252 changePosTimer tick:10:42:187
(index):252 changePosTimer tick:10:42:287
(index):252 changePosTimer tick:10:42:387
(index):252 changePosTimer tick:10:42:487
(index):252 changePosTimer tick:10:42:587
(index):252 changePosTimer tick:10:42:687
(index):252 changePosTimer tick:10:42:787
(index):252 changePosTimer tick:10:42:887
(index):252 changePosTimer tick:10:42:987
(index):252 changePosTimer tick:10:43:87
(index):286 4--rotateTimer ontick:10:43:87:0.00
(index):252 changePosTimer tick:10:43:188
(index):252 changePosTimer tick:10:43:287
(index):252 changePosTimer tick:10:43:388
(index):252 changePosTimer tick:10:43:487
(index):252 changePosTimer tick:10:43:587
(index):252 changePosTimer tick:10:43:687
(index):252 changePosTimer tick:10:43:787
(index):252 changePosTimer tick:10:43:887
(index):252 changePosTimer tick:10:43:987
(index):252 changePosTimer tick:10:44:87
(index):252 changePosTimer tick:10:44:187
(index):252 changePosTimer tick:10:44:287
(index):252 changePosTimer tick:10:44:387
(index):252 changePosTimer tick:10:44:487
(index):252 changePosTimer tick:10:44:587
(index):252 changePosTimer tick:10:44:688
(index):252 changePosTimer tick:10:44:787
(index):252 changePosTimer tick:10:44:887
(index):252 changePosTimer tick:10:44:987
(index):252 changePosTimer tick:10:45:87
(index):252 changePosTimer tick:10:45:187
(index):252 changePosTimer tick:10:45:287
(index):252 changePosTimer tick:10:45:387
(index):252 changePosTimer tick:10:45:487
(index):252 changePosTimer tick:10:45:587
(index):252 changePosTimer tick:10:45:687
(index):252 changePosTimer tick:10:45:787
(index):252 changePosTimer tick:10:45:887
(index):252 changePosTimer tick:10:45:987
(index):252 changePosTimer tick:10:46:87
(index):252 changePosTimer tick:10:46:187
(index):252 changePosTimer tick:10:46:287
(index):252 changePosTimer tick:10:46:387
(index):252 changePosTimer tick:10:46:487
(index):252 changePosTimer tick:10:46:587
(index):252 changePosTimer tick:10:46:687
(index):252 changePosTimer tick:10:46:787
(index):252 changePosTimer tick:10:46:888
(index):252 changePosTimer tick:10:46:987
(index):252 changePosTimer tick:10:47:87
(index):252 changePosTimer tick:10:47:187
(index):252 changePosTimer tick:10:47:287
(index):252 changePosTimer tick:10:47:387
(index):252 changePosTimer tick:10:47:487
(index):252 changePosTimer tick:10:47:587
(index):252 changePosTimer tick:10:47:687
(index):252 changePosTimer tick:10:47:787
(index):252 changePosTimer tick:10:47:887
(index):252 changePosTimer tick:10:47:987
(index):252 changePosTimer tick:10:48:87
(index):326 3--adjustRotateTimer ontick:10:48:88:0
(index):252 changePosTimer tick:10:48:187
(index):252 changePosTimer tick:10:48:287
(index):252 changePosTimer tick:10:48:387
(index):252 changePosTimer tick:10:48:487
(index):252 changePosTimer tick:10:48:587
(index):252 changePosTimer tick:10:48:687
(index):252 changePosTimer tick:10:48:787
(index):252 changePosTimer tick:10:48:887
(index):252 changePosTimer tick:10:48:987
(index):252 changePosTimer tick:10:49:87
(index):286 5--rotateTimer ontick:10:49:87:68.36
(index):252 changePosTimer tick:10:49:187
(index):252 changePosTimer tick:10:49:287
(index):252 changePosTimer tick:10:49:387
(index):252 changePosTimer tick:10:49:487
(index):252 changePosTimer tick:10:49:587
(index):252 changePosTimer tick:10:49:687
(index):252 changePosTimer tick:10:49:787
(index):252 changePosTimer tick:10:49:887
(index):252 changePosTimer tick:10:49:987
(index):252 changePosTimer tick:10:50:87
(index):252 changePosTimer tick:10:50:187
(index):252 changePosTimer tick:10:50:287
(index):252 changePosTimer tick:10:50:387
(index):252 changePosTimer tick:10:50:487
(index):252 changePosTimer tick:10:50:587
(index):252 changePosTimer tick:10:50:687
(index):252 changePosTimer tick:10:50:787
(index):252 changePosTimer tick:10:50:887
(index):252 changePosTimer tick:10:50:987
(index):252 changePosTimer tick:10:51:87
(index):252 changePosTimer tick:10:51:188
(index):252 changePosTimer tick:10:51:287
(index):252 changePosTimer tick:10:51:387
(index):252 changePosTimer tick:10:51:487
(index):252 changePosTimer tick:10:51:587
(index):252 changePosTimer tick:10:51:687
(index):252 changePosTimer tick:10:51:787
(index):252 changePosTimer tick:10:51:887
(index):252 changePosTimer tick:10:51:987
(index):252 changePosTimer tick:10:52:87
(index):252 changePosTimer tick:10:52:187
(index):252 changePosTimer tick:10:52:287
(index):252 changePosTimer tick:10:52:387
(index):252 changePosTimer tick:10:52:488
(index):252 changePosTimer tick:10:52:587
(index):252 changePosTimer tick:10:52:687
(index):252 changePosTimer tick:10:52:787
(index):252 changePosTimer tick:10:52:887
(index):252 changePosTimer tick:10:52:987
(index):252 changePosTimer tick:10:53:87
(index):252 changePosTimer tick:10:53:187
(index):252 changePosTimer tick:10:53:287
(index):252 changePosTimer tick:10:53:387
(index):252 changePosTimer tick:10:53:487
(index):252 changePosTimer tick:10:53:587
(index):252 changePosTimer tick:10:53:687
(index):252 changePosTimer tick:10:53:787
(index):252 changePosTimer tick:10:53:887
(index):252 changePosTimer tick:10:53:987
(index):252 changePosTimer tick:10:54:86
(index):326 4--adjustRotateTimer ontick:10:54:87:-68.36
(index):252 changePosTimer tick:10:54:186
(index):252 changePosTimer tick:10:54:287
(index):252 changePosTimer tick:10:54:386
(index):252 changePosTimer tick:10:54:487
(index):252 changePosTimer tick:10:54:587
(index):252 changePosTimer tick:10:54:687
(index):252 changePosTimer tick:10:54:787
(index):252 changePosTimer tick:10:54:887
(index):252 changePosTimer tick:10:54:987
(index):252 changePosTimer tick:10:55:87
(index):286 6--rotateTimer ontick:10:55:87:-185.47
(index):252 changePosTimer tick:10:55:187
(index):252 changePosTimer tick:10:55:287
(index):252 changePosTimer tick:10:55:387
(index):252 changePosTimer tick:10:55:487
(index):252 changePosTimer tick:10:55:587
(index):252 changePosTimer tick:10:55:687
(index):252 changePosTimer tick:10:55:787
(index):252 changePosTimer tick:10:55:887
(index):252 changePosTimer tick:10:55:987
(index):252 changePosTimer tick:10:56:87
(index):252 changePosTimer tick:10:56:187
(index):252 changePosTimer tick:10:56:286
(index):252 changePosTimer tick:10:56:387
(index):252 changePosTimer tick:10:56:487
(index):252 changePosTimer tick:10:56:587
(index):252 changePosTimer tick:10:56:687
(index):252 changePosTimer tick:10:56:787
(index):252 changePosTimer tick:10:56:886
(index):252 changePosTimer tick:10:56:987
(index):252 changePosTimer tick:10:57:87
(index):252 changePosTimer tick:10:57:187
(index):252 changePosTimer tick:10:57:287
(index):252 changePosTimer tick:10:57:387
(index):252 changePosTimer tick:10:57:487
(index):252 changePosTimer tick:10:57:587
(index):252 changePosTimer tick:10:57:687
(index):252 changePosTimer tick:10:57:786
(index):252 changePosTimer tick:10:57:887
(index):252 changePosTimer tick:10:57:987
(index):252 changePosTimer tick:10:58:86
(index):252 changePosTimer tick:10:58:187
(index):252 changePosTimer tick:10:58:287
(index):252 changePosTimer tick:10:58:386
(index):252 changePosTimer tick:10:58:487
(index):252 changePosTimer tick:10:58:587
(index):252 changePosTimer tick:10:58:687
(index):252 changePosTimer tick:10:58:787
(index):252 changePosTimer tick:10:58:887
(index):252 changePosTimer tick:10:58:987
(index):252 changePosTimer tick:10:59:87
(index):252 changePosTimer tick:10:59:186
(index):252 changePosTimer tick:10:59:287
(index):252 changePosTimer tick:10:59:387
(index):252 changePosTimer tick:10:59:486
(index):252 changePosTimer tick:10:59:587
(index):252 changePosTimer tick:10:59:687
(index):252 changePosTimer tick:10:59:786
(index):252 changePosTimer tick:10:59:886
(index):252 changePosTimer tick:10:59:987
(index):252 changePosTimer tick:11:0:86
(index):326 5--adjustRotateTimer ontick:11:0:87:185.47
(index):252 changePosTimer tick:11:0:186
(index):252 changePosTimer tick:11:0:287
(index):252 changePosTimer tick:11:0:387
(index):252 changePosTimer tick:11:0:487
(index):252 changePosTimer tick:11:0:586
(index):252 changePosTimer tick:11:0:686
(index):252 changePosTimer tick:11:0:786
(index):252 changePosTimer tick:11:0:886
(index):252 changePosTimer tick:11:0:986
(index):252 changePosTimer tick:11:1:86
(index):286 7--rotateTimer ontick:11:1:87:-44.83
(index):252 changePosTimer tick:11:1:186
(index):252 changePosTimer tick:11:1:286
(index):252 changePosTimer tick:11:1:386
(index):252 changePosTimer tick:11:1:486
(index):252 changePosTimer tick:11:1:587
(index):252 changePosTimer tick:11:1:686
(index):252 changePosTimer tick:11:1:787
(index):252 changePosTimer tick:11:1:886
(index):252 changePosTimer tick:11:1:986
(index):252 changePosTimer tick:11:2:86
(index):252 changePosTimer tick:11:2:187
(index):252 changePosTimer tick:11:2:286
(index):252 changePosTimer tick:11:2:386
(index):252 changePosTimer tick:11:2:486
(index):252 changePosTimer tick:11:2:586
(index):252 changePosTimer tick:11:2:686
(index):252 changePosTimer tick:11:2:786
(index):252 changePosTimer tick:11:2:886
(index):252 changePosTimer tick:11:2:987
(index):252 changePosTimer tick:11:3:86
(index):252 changePosTimer tick:11:3:186
(index):252 changePosTimer tick:11:3:287
(index):252 changePosTimer tick:11:3:386
(index):252 changePosTimer tick:11:3:486
(index):252 changePosTimer tick:11:3:586
(index):252 changePosTimer tick:11:3:686
(index):252 changePosTimer tick:11:3:786
(index):252 changePosTimer tick:11:3:886
(index):252 changePosTimer tick:11:3:986
(index):252 changePosTimer tick:11:4:86
(index):252 changePosTimer tick:11:4:186
(index):252 changePosTimer tick:11:4:286
(index):252 changePosTimer tick:11:4:386
(index):252 changePosTimer tick:11:4:486
(index):252 changePosTimer tick:11:4:586
(index):252 changePosTimer tick:11:4:686
(index):252 changePosTimer tick:11:4:786
(index):252 changePosTimer tick:11:4:886
(index):252 changePosTimer tick:11:4:986
(index):252 changePosTimer tick:11:5:86
(index):252 changePosTimer tick:11:5:186
(index):252 changePosTimer tick:11:5:286
(index):252 changePosTimer tick:11:5:386
(index):252 changePosTimer tick:11:5:486
(index):252 changePosTimer tick:11:5:586
(index):252 changePosTimer tick:11:5:686
(index):252 changePosTimer tick:11:5:786
(index):252 changePosTimer tick:11:5:886
(index):252 changePosTimer tick:11:5:986
(index):252 changePosTimer tick:11:6:86
(index):326 6--adjustRotateTimer ontick:11:6:87:44.83
(index):252 changePosTimer tick:11:6:186
(index):252 changePosTimer tick:11:6:286
(index):252 changePosTimer tick:11:6:386
(index):252 changePosTimer tick:11:6:486
(index):252 changePosTimer tick:11:6:586
(index):252 changePosTimer tick:11:6:686
(index):252 changePosTimer tick:11:6:786
(index):252 changePosTimer tick:11:6:886
(index):252 changePosTimer tick:11:6:986
(index):252 changePosTimer tick:11:7:86
(index):286 8--rotateTimer ontick:11:7:86:260.36
(index):252 changePosTimer tick:11:7:186
(index):252 changePosTimer tick:11:7:286
(index):252 changePosTimer tick:11:7:386
(index):252 changePosTimer tick:11:7:486
(index):252 changePosTimer tick:11:7:586
(index):252 changePosTimer tick:11:7:686
(index):252 changePosTimer tick:11:7:786
(index):252 changePosTimer tick:11:7:886
(index):252 changePosTimer tick:11:7:986
(index):252 changePosTimer tick:11:8:86
(index):252 changePosTimer tick:11:8:186
(index):252 changePosTimer tick:11:8:286
(index):252 changePosTimer tick:11:8:386
(index):252 changePosTimer tick:11:8:486
(index):252 changePosTimer tick:11:8:586
(index):252 changePosTimer tick:11:8:686
(index):252 changePosTimer tick:11:8:786
(index):252 changePosTimer tick:11:8:886
(index):252 changePosTimer tick:11:8:986
(index):252 changePosTimer tick:11:9:86
(index):252 changePosTimer tick:11:9:186
(index):252 changePosTimer tick:11:9:286
(index):252 changePosTimer tick:11:9:386
(index):252 changePosTimer tick:11:9:486
(index):252 changePosTimer tick:11:9:586
(index):252 changePosTimer tick:11:9:686
(index):252 changePosTimer tick:11:9:786
(index):252 changePosTimer tick:11:9:886
(index):252 changePosTimer tick:11:9:986
(index):252 changePosTimer tick:11:10:86
(index):252 changePosTimer tick:11:10:186
(index):252 changePosTimer tick:11:10:286
(index):252 changePosTimer tick:11:10:386
(index):252 changePosTimer tick:11:10:486
(index):252 changePosTimer tick:11:10:586
(index):252 changePosTimer tick:11:10:686
(index):252 changePosTimer tick:11:10:786
(index):252 changePosTimer tick:11:10:886
(index):252 changePosTimer tick:11:10:986
(index):252 changePosTimer tick:11:11:86
(index):252 changePosTimer tick:11:11:186
(index):252 changePosTimer tick:11:11:286
(index):252 changePosTimer tick:11:11:386
(index):252 changePosTimer tick:11:11:486
(index):252 changePosTimer tick:11:11:586
(index):252 changePosTimer tick:11:11:686
(index):252 changePosTimer tick:11:11:786
(index):252 changePosTimer tick:11:11:886
(index):252 changePosTimer tick:11:11:986
(index):252 changePosTimer tick:11:12:86
(index):326 7--adjustRotateTimer ontick:11:12:87:-260.36
(index):252 changePosTimer tick:11:12:186
(index):252 changePosTimer tick:11:12:286
(index):252 changePosTimer tick:11:12:386
(index):252 changePosTimer tick:11:12:486
(index):252 changePosTimer tick:11:12:586
(index):252 changePosTimer tick:11:12:686
(index):252 changePosTimer tick:11:12:786
(index):252 changePosTimer tick:11:12:886
(index):252 changePosTimer tick:11:12:986
(index):252 changePosTimer tick:11:13:86
(index):286 9--rotateTimer ontick:11:13:87:224.83
(index):252 changePosTimer tick:11:13:186
(index):252 changePosTimer tick:11:13:286
(index):252 changePosTimer tick:11:13:386
(index):252 changePosTimer tick:11:13:486
(index):252 changePosTimer tick:11:13:586
(index):252 changePosTimer tick:11:13:686
(index):252 changePosTimer tick:11:13:786
(index):252 changePosTimer tick:11:13:886
(index):252 changePosTimer tick:11:13:986
(index):252 changePosTimer tick:11:14:86
(index):252 changePosTimer tick:11:14:186
(index):252 changePosTimer tick:11:14:286
(index):252 changePosTimer tick:11:14:386
(index):252 changePosTimer tick:11:14:485
(index):252 changePosTimer tick:11:14:586
(index):252 changePosTimer tick:11:14:686
(index):252 changePosTimer tick:11:14:786
(index):252 changePosTimer tick:11:14:886
(index):252 changePosTimer tick:11:14:986
(index):252 changePosTimer tick:11:15:86
(index):252 changePosTimer tick:11:15:186
(index):252 changePosTimer tick:11:15:286
(index):252 changePosTimer tick:11:15:386
(index):252 changePosTimer tick:11:15:486
(index):252 changePosTimer tick:11:15:586
(index):252 changePosTimer tick:11:15:686
(index):252 changePosTimer tick:11:15:786
(index):252 changePosTimer tick:11:15:886
(index):252 changePosTimer tick:11:15:985
(index):252 changePosTimer tick:11:16:86
(index):252 changePosTimer tick:11:16:186
(index):252 changePosTimer tick:11:16:286
(index):252 changePosTimer tick:11:16:385
(index):252 changePosTimer tick:11:16:486
(index):252 changePosTimer tick:11:16:586
(index):252 changePosTimer tick:11:16:686
(index):252 changePosTimer tick:11:16:785
(index):252 changePosTimer tick:11:16:886
(index):252 changePosTimer tick:11:16:986
(index):252 changePosTimer tick:11:17:86
(index):252 changePosTimer tick:11:17:186
(index):252 changePosTimer tick:11:17:286
(index):252 changePosTimer tick:11:17:386
(index):252 changePosTimer tick:11:17:486
(index):252 changePosTimer tick:11:17:586
(index):252 changePosTimer tick:11:17:686
(index):252 changePosTimer tick:11:17:785
(index):252 changePosTimer tick:11:17:886
(index):252 changePosTimer tick:11:17:987
(index):252 changePosTimer tick:11:18:85
(index):326 8--adjustRotateTimer ontick:11:18:86:-224.83
(index):252 changePosTimer tick:11:18:186
(index):252 changePosTimer tick:11:18:286
(index):252 changePosTimer tick:11:18:386
(index):252 changePosTimer tick:11:18:486
(index):252 changePosTimer tick:11:18:586
(index):252 changePosTimer tick:11:18:685
(index):252 changePosTimer tick:11:18:786
(index):252 changePosTimer tick:11:18:886
(index):252 changePosTimer tick:11:18:985
(index):252 changePosTimer tick:11:19:85
(index):286 10--rotateTimer ontick:11:19:86:379.29
(index):252 changePosTimer tick:11:19:185
(index):252 changePosTimer tick:11:19:285
(index):252 changePosTimer tick:11:19:386
(index):252 changePosTimer tick:11:19:485
(index):252 changePosTimer tick:11:19:585
(index):252 changePosTimer tick:11:19:686
(index):252 changePosTimer tick:11:19:785
(index):252 changePosTimer tick:11:19:885
(index):252 changePosTimer tick:11:19:985
(index):252 changePosTimer tick:11:20:86
(index):252 changePosTimer tick:11:20:185
(index):252 changePosTimer tick:11:20:286
(index):252 changePosTimer tick:11:20:385
(index):252 changePosTimer tick:11:20:485
(index):252 changePosTimer tick:11:20:586
(index):252 changePosTimer tick:11:20:685
(index):252 changePosTimer tick:11:20:785
(index):252 changePosTimer tick:11:20:886
(index):252 changePosTimer tick:11:20:985
(index):252 changePosTimer tick:11:21:86
(index):252 changePosTimer tick:11:21:185
(index):252 changePosTimer tick:11:21:287
(index):252 changePosTimer tick:11:21:385
(index):252 changePosTimer tick:11:21:487
(index):252 changePosTimer tick:11:21:585
(index):252 changePosTimer tick:11:21:685
(index):252 changePosTimer tick:11:21:785
(index):252 changePosTimer tick:11:21:887
(index):252 changePosTimer tick:11:21:985
(index):252 changePosTimer tick:11:22:85
(index):252 changePosTimer tick:11:22:186
(index):252 changePosTimer tick:11:22:285
(index):252 changePosTimer tick:11:22:385
(index):252 changePosTimer tick:11:22:486
(index):252 changePosTimer tick:11:22:587
(index):252 changePosTimer tick:11:22:685
(index):252 changePosTimer tick:11:22:785
(index):252 changePosTimer tick:11:22:886
(index):252 changePosTimer tick:11:22:985
(index):252 changePosTimer tick:11:23:86
(index):252 changePosTimer tick:11:23:185
(index):252 changePosTimer tick:11:23:285
(index):252 changePosTimer tick:11:23:386
(index):252 changePosTimer tick:11:23:485
(index):252 changePosTimer tick:11:23:586
(index):252 changePosTimer tick:11:23:686
(index):252 changePosTimer tick:11:23:785
(index):252 changePosTimer tick:11:23:885
(index):252 changePosTimer tick:11:23:985
(index):252 changePosTimer tick:11:24:85
(index):326 9--adjustRotateTimer ontick:11:24:86:-379.29
(index):252 changePosTimer tick:11:24:185
(index):252 changePosTimer tick:11:24:285
(index):252 changePosTimer tick:11:24:385
(index):252 changePosTimer tick:11:24:486
(index):252 changePosTimer tick:11:24:585
(index):252 changePosTimer tick:11:24:686
(index):252 changePosTimer tick:11:24:785
(index):252 changePosTimer tick:11:24:886
(index):252 changePosTimer tick:11:24:985
(index):252 changePosTimer tick:11:25:87
(index):286 11--rotateTimer ontick:11:25:88:0.00
(index):252 changePosTimer tick:11:25:185
(index):252 changePosTimer tick:11:25:285
(index):252 changePosTimer tick:11:25:385
(index):252 changePosTimer tick:11:25:485
(index):252 changePosTimer tick:11:25:585
(index):252 changePosTimer tick:11:25:686
(index):252 changePosTimer tick:11:25:785
(index):252 changePosTimer tick:11:25:885
(index):252 changePosTimer tick:11:25:985
(index):252 changePosTimer tick:11:26:86
(index):252 changePosTimer tick:11:26:187
(index):252 changePosTimer tick:11:26:285
(index):252 changePosTimer tick:11:26:386
(index):252 changePosTimer tick:11:26:485
(index):252 changePosTimer tick:11:26:585
(index):252 changePosTimer tick:11:26:685
(index):252 changePosTimer tick:11:26:786
(index):252 changePosTimer tick:11:26:885
(index):252 changePosTimer tick:11:26:985
(index):252 changePosTimer tick:11:27:85
(index):252 changePosTimer tick:11:27:185
(index):252 changePosTimer tick:11:27:285
(index):252 changePosTimer tick:11:27:385
(index):252 changePosTimer tick:11:27:486
(index):252 changePosTimer tick:11:27:585
(index):252 changePosTimer tick:11:27:685
(index):252 changePosTimer tick:11:27:786
(index):252 changePosTimer tick:11:27:885
(index):252 changePosTimer tick:11:27:989
(index):252 changePosTimer tick:11:28:85
(index):252 changePosTimer tick:11:28:185
(index):252 changePosTimer tick:11:28:286
(index):252 changePosTimer tick:11:28:387
(index):252 changePosTimer tick:11:28:485
(index):326 10--adjustRotateTimer ontick:11:30:86:0
