 Object {cmd: "定时器已开启"}
blob:null/68e52972-aa56-45de-a5c4-a835ade3707a:14 Object {cmd: "START"}
 Object {cmd: "100 ms到了", desc: "39:40:734"}
 Object {cmd: "100 ms到了", desc: "39:40:834"}
 Object {cmd: "100 ms到了", desc: "39:40:934"}
 Object {cmd: "100 ms到了", desc: "39:41:34"}
 Object {cmd: "100 ms到了", desc: "39:41:134"}
 Object {cmd: "100 ms到了", desc: "39:41:234"}
 Objectcmd: "100 ms到了"desc: "39:41:334"__proto__: Object
 Object {cmd: "100 ms到了", desc: "39:41:434"}
 Object {cmd: "100 ms到了", desc: "39:41:534"}
 Object {cmd: "100 ms到了", desc: "39:41:734"}
 Object {cmd: "100 ms到了", desc: "39:41:834"}
 Object {cmd: "100 ms到了", desc: "39:41:934"}
 Object {cmd: "100 ms到了", desc: "39:42:34"}
 Object {cmd: "100 ms到了", desc: "39:42:134"}
 Object {cmd: "100 ms到了", desc: "39:42:234"}
 Object {cmd: "100 ms到了", desc: "39:42:333"}
 Object {cmd: "100 ms到了", desc: "39:42:434"}
 Object {cmd: "100 ms到了", desc: "39:42:534"}
 Object {cmd: "100 ms到了", desc: "39:42:734"}
 Object {cmd: "100 ms到了", desc: "39:42:833"}
 Object {cmd: "100 ms到了", desc: "39:42:934"}
 Object {cmd: "100 ms到了", desc: "39:43:34"}
 Object {cmd: "100 ms到了", desc: "39:43:134"}
 Object {cmd: "100 ms到了", desc: "39:43:234"}
 Object {cmd: "100 ms到了", desc: "39:43:334"}
 Object {cmd: "100 ms到了", desc: "39:43:434"}
 Object {cmd: "100 ms到了", desc: "39:43:534"}
 Object {cmd: "100 ms到了", desc: "39:43:734"}
 Object {cmd: "100 ms到了", desc: "39:43:834"}
 Object {cmd: "100 ms到了", desc: "39:43:934"}
 Object {cmd: "100 ms到了", desc: "39:44:34"}
 Object {cmd: "100 ms到了", desc: "39:44:134"}
 Object {cmd: "100 ms到了", desc: "39:44:234"}
 Object {cmd: "100 ms到了", desc: "39:44:333"}
 Object {cmd: "100 ms到了", desc: "39:44:434"}
 Object {cmd: "100 ms到了", desc: "39:44:534"}
 Object {cmd: "100 ms到了", desc: "39:44:734"}
 Object {cmd: "100 ms到了", desc: "39:44:834"}
 Object {cmd: "100 ms到了", desc: "39:44:934"}
 Object {cmd: "100 ms到了", desc: "39:45:34"}
 Object {cmd: "100 ms到了", desc: "39:45:134"}
 Object {cmd: "100 ms到了", desc: "39:45:234"}
 Object {cmd: "100 ms到了", desc: "39:45:334"}
 Object {cmd: "100 ms到了", desc: "39:45:434"}
 Object {cmd: "100 ms到了", desc: "39:45:534"}
 Object {cmd: "5000 ms到了", desc: "39:45:634"}
 Object {cmd: "100 ms到了", desc: "39:45:734"}
 Object {cmd: "100 ms到了", desc: "39:45:833"}
 Object {cmd: "100 ms到了", desc: "39:45:934"}
 Object {cmd: "100 ms到了", desc: "39:46:34"}
 Object {cmd: "100 ms到了", desc: "39:46:134"}
 Object {cmd: "100 ms到了", desc: "39:46:234"}
 Object {cmd: "100 ms到了", desc: "39:46:334"}
 Object {cmd: "100 ms到了", desc: "39:46:434"}
 Object {cmd: "100 ms到了", desc: "39:46:534"}
 Object {cmd: "100 ms到了", desc: "39:46:734"}
 Object {cmd: "100 ms到了", desc: "39:46:834"}
 Object {cmd: "100 ms到了", desc: "39:46:934"}
 Object {cmd: "100 ms到了", desc: "39:47:34"}
 Object {cmd: "100 ms到了", desc: "39:47:134"}
 Object {cmd: "100 ms到了", desc: "39:47:234"}
 Object {cmd: "100 ms到了", desc: "39:47:334"}
 Object {cmd: "100 ms到了", desc: "39:47:434"}
 Object {cmd: "100 ms到了", desc: "39:47:534"}
 Object {cmd: "100 ms到了", desc: "39:47:734"}
 Object {cmd: "100 ms到了", desc: "39:47:834"}
 Object {cmd: "100 ms到了", desc: "39:47:934"}
 Object {cmd: "100 ms到了", desc: "39:48:34"}
 Object {cmd: "100 ms到了", desc: "39:48:133"}
 Object {cmd: "100 ms到了", desc: "39:48:234"}
 Object {cmd: "100 ms到了", desc: "39:48:334"}
 Object {cmd: "100 ms到了", desc: "39:48:434"}
 Object {cmd: "100 ms到了", desc: "39:48:534"}
 Object {cmd: "100 ms到了", desc: "39:48:734"}
 Object {cmd: "100 ms到了", desc: "39:48:833"}
 Object {cmd: "100 ms到了", desc: "39:48:934"}
 Object {cmd: "100 ms到了", desc: "39:49:34"}
 Object {cmd: "100 ms到了", desc: "39:49:134"}
 Object {cmd: "100 ms到了", desc: "39:49:233"}
 Object {cmd: "100 ms到了", desc: "39:49:334"}
 Object {cmd: "100 ms到了", desc: "39:49:433"}
 Object {cmd: "100 ms到了", desc: "39:49:534"}
 Object {cmd: "100 ms到了", desc: "39:49:734"}
 Object {cmd: "100 ms到了", desc: "39:49:833"}
 Object {cmd: "100 ms到了", desc: "39:49:934"}
 Object {cmd: "100 ms到了", desc: "39:50:34"}
 Object {cmd: "100 ms到了", desc: "39:50:134"}
 Object {cmd: "100 ms到了", desc: "39:50:234"}
 Object {cmd: "100 ms到了", desc: "39:50:334"}
 Object {cmd: "100 ms到了", desc: "39:50:434"}
 Object {cmd: "100 ms到了", desc: "39:50:534"}
 Object {cmd: "5000 ms到了", desc: "39:50:634"}
 Object {cmd: "100 ms到了", desc: "39:50:734"}
 Object {cmd: "100 ms到了", desc: "39:50:833"}
 Object {cmd: "100 ms到了", desc: "39:50:934"}
 Object {cmd: "100 ms到了", desc: "39:51:34"}
 Object {cmd: "100 ms到了", desc: "39:51:133"}
 Object {cmd: "100 ms到了", desc: "39:51:234"}
 Object {cmd: "100 ms到了", desc: "39:51:334"}
 Object {cmd: "100 ms到了", desc: "39:51:434"}
 Object {cmd: "100 ms到了", desc: "39:51:534"}
 Object {cmd: "100 ms到了", desc: "39:51:734"}
 Object {cmd: "100 ms到了", desc: "39:51:834"}
 Object {cmd: "100 ms到了", desc: "39:51:934"}
 Object {cmd: "100 ms到了", desc: "39:52:34"}
 Object {cmd: "100 ms到了", desc: "39:52:134"}
 Object {cmd: "100 ms到了", desc: "39:52:233"}
 Object {cmd: "100 ms到了", desc: "39:52:334"}
 Object {cmd: "100 ms到了", desc: "39:52:433"}
 Object {cmd: "100 ms到了", desc: "39:52:534"}
 Object {cmd: "100 ms到了", desc: "39:52:733"}
 Object {cmd: "100 ms到了", desc: "39:52:834"}
 Object {cmd: "100 ms到了", desc: "39:52:933"}
 Object {cmd: "100 ms到了", desc: "39:53:34"}
 Object {cmd: "100 ms到了", desc: "39:53:134"}
 Object {cmd: "100 ms到了", desc: "39:53:234"}
 Object {cmd: "100 ms到了", desc: "39:53:334"}
 Object {cmd: "100 ms到了", desc: "39:53:434"}
 Object {cmd: "100 ms到了", desc: "39:53:534"}
blob:null/68e52972-aa56-45de-a5c4-a835ade3707a:14 Object {cmd: "END"}
 Object {cmd: "定时器已经停止！"}
